<?xml version="1.0" encoding="UTF-8"?>
<!-- Generated by org.testng.reporters.JUnitReportReporter -->
<testsuite hostname="DESKTOP-6OLMMHR" failures="0" tests="7" name="testscripts.Test_Ecom" time="21.606" errors="0" timestamp="23 Dec 2019 02:40:50 GMT">
  <testcase classname="testscripts.Test_Ecom" name="verifyLaunchEcomApp" time="4.008"/>
  <testcase classname="testscripts.Test_Ecom" name="verifyProductConfigurationAndAddingToCart" time="4.154"/>
  <testcase classname="testscripts.Test_Ecom" name="verifyAccountCreation" time="6.230"/>
  <testcase classname="testscripts.Test_Ecom" name="verifyOrder" time="2.050"/>
  <testcase classname="testscripts.Test_Ecom" name="verifyNavigationToACategoryUsingMenu" time="1.791"/>
  <testcase classname="testscripts.Test_Ecom" name="verifyMouseOverParticularDressShowsQuickView" time="0.692"/>
  <testcase classname="testscripts.Test_Ecom" name="verifyNavigationToCheckoutPage" time="2.681"/>
</testsuite> <!-- testscripts.Test_Ecom -->
